<?xml version="1.0" encoding="UTF-8"?>
<testng-results ignored="0" total="1" passed="1" failed="0" skipped="0">
  <reporter-output>
  </reporter-output>
  <suite started-at="2019-04-18T10:48:44Z" name="examMsV1" finished-at="2019-04-18T10:48:51Z" duration-ms="7015">
    <groups>
    </groups>
    <test started-at="2019-04-18T10:48:44Z" name="ExamApp Test" finished-at="2019-04-18T10:48:51Z" duration-ms="7015">
      <class name="examms.testCases.TC_LoginTest_001">
        <test-method is-config="true" signature="setup(java.lang.String)[pri:0, instance:examms.testCases.TC_LoginTest_001@fa36558]" started-at="2019-04-18T10:48:45Z" name="setup" finished-at="2019-04-18T10:48:49Z" duration-ms="4719" status="PASS">
          <params>
            <param index="0">
              <value>
                <![CDATA[chrome]]>
              </value>
            </param>
          </params>
          <reporter-output>
          </reporter-output>
        </test-method> <!-- setup -->
        <test-method signature="loginTest()[pri:0, instance:examms.testCases.TC_LoginTest_001@fa36558]" started-at="2019-04-18T10:48:49Z" name="loginTest" finished-at="2019-04-18T10:48:51Z" duration-ms="1301" status="PASS">
          <reporter-output>
          </reporter-output>
        </test-method> <!-- loginTest -->
        <test-method is-config="true" signature="tearDown()[pri:0, instance:examms.testCases.TC_LoginTest_001@fa36558]" started-at="2019-04-18T10:48:51Z" name="tearDown" finished-at="2019-04-18T10:48:51Z" duration-ms="742" status="PASS">
          <reporter-output>
          </reporter-output>
        </test-method> <!-- tearDown -->
      </class> <!-- examms.testCases.TC_LoginTest_001 -->
    </test> <!-- ExamApp Test -->
  </suite> <!-- examMsV1 -->
</testng-results>
